<?xml version="1.0" encoding="UTF-8"?>
<!-- Generated by org.testng.reporters.JUnitReportReporter -->
<testsuite hostname="DESKTOP-57P1JI0" name="Main.Jenkins_Integration" tests="1" failures="0" timestamp="19 Aug 2020 07:06:23 GMT" time="5.888" errors="0">
  <testcase name="initalization" time="5.888" classname="Main.Jenkins_Integration"/>
</testsuite> <!-- Main.Jenkins_Integration -->
